0 info it worked if it ends with ok
1 verbose cli [ '/usr/local/bin/node', '/usr/local/bin/npm', 'start' ]
2 info using npm@6.14.6
3 info using node@v12.18.3
4 verbose config Skipping project config: /home/pwpg20/.npmrc. (matches userconfig)
5 verbose run-script [ 'prestart', 'start', 'poststart' ]
6 info lifecycle surv-eye@0.1.0~prestart: surv-eye@0.1.0
7 info lifecycle surv-eye@0.1.0~start: surv-eye@0.1.0
8 verbose lifecycle surv-eye@0.1.0~start: unsafe-perm in lifecycle true
9 verbose lifecycle surv-eye@0.1.0~start: PATH: /usr/local/lib/node_modules/npm/node_modules/npm-lifecycle/node-gyp-bin:/home/pwpg20/node_modules/.bin:/usr/local/sbin:/usr/local/bin:/usr/sbin:/usr/bin:/sbin:/bin:/usr/games:/usr/local/games:/usr/local/go/bin:/snap/bin
10 verbose lifecycle surv-eye@0.1.0~start: CWD: /home/pwpg20
11 silly lifecycle surv-eye@0.1.0~start: Args: [ '-c', 'PORT=10020 react-scripts start' ]
12 silly lifecycle surv-eye@0.1.0~start: Returned: code: 1  signal: null
13 info lifecycle surv-eye@0.1.0~start: Failed to exec start script
14 verbose stack Error: surv-eye@0.1.0 start: `PORT=10020 react-scripts start`
14 verbose stack Exit status 1
14 verbose stack     at EventEmitter.<anonymous> (/usr/local/lib/node_modules/npm/node_modules/npm-lifecycle/index.js:332:16)
14 verbose stack     at EventEmitter.emit (events.js:315:20)
14 verbose stack     at ChildProcess.<anonymous> (/usr/local/lib/node_modules/npm/node_modules/npm-lifecycle/lib/spawn.js:55:14)
14 verbose stack     at ChildProcess.emit (events.js:315:20)
14 verbose stack     at maybeClose (internal/child_process.js:1021:16)
14 verbose stack     at Process.ChildProcess._handle.onexit (internal/child_process.js:286:5)
15 verbose pkgid surv-eye@0.1.0
16 verbose cwd /home/pwpg20
17 verbose Linux 4.4.0-210-generic
18 verbose argv "/usr/local/bin/node" "/usr/local/bin/npm" "start"
19 verbose node v12.18.3
20 verbose npm  v6.14.6
21 error code ELIFECYCLE
22 error errno 1
23 error surv-eye@0.1.0 start: `PORT=10020 react-scripts start`
23 error Exit status 1
24 error Failed at the surv-eye@0.1.0 start script.
24 error This is probably not a problem with npm. There is likely additional logging output above.
25 verbose exit [ 1, true ]
